{"D:\\xiaoyuAnd\\Scent_V1.0\\XiaoyuAnd\\lib\\music\\parser.ts": {"path":"D:\\xiaoyuAnd\\Scent_V1.0\\XiaoyuAnd\\lib\\music\\parser.ts","statementMap":{"0":{"start":{"line":21,"column":2},"end":{"line":26,"column":null}},"1":{"start":{"line":22,"column":4},"end":{"line":25,"column":null}},"2":{"start":{"line":29,"column":2},"end":{"line":38,"column":null}},"3":{"start":{"line":30,"column":18},"end":{"line":30,"column":null}},"4":{"start":{"line":31,"column":4},"end":{"line":37,"column":null}},"5":{"start":{"line":32,"column":6},"end":{"line":36,"column":null}},"6":{"start":{"line":41,"column":2},"end":{"line":50,"column":null}},"7":{"start":{"line":42,"column":18},"end":{"line":42,"column":null}},"8":{"start":{"line":43,"column":4},"end":{"line":49,"column":null}},"9":{"start":{"line":44,"column":6},"end":{"line":48,"column":null}},"10":{"start":{"line":53,"column":2},"end":{"line":56,"column":null}},"11":{"start":{"line":68,"column":2},"end":{"line":68,"column":null}},"12":{"start":{"line":79,"column":2},"end":{"line":79,"column":null}},"13":{"start":{"line":88,"column":22},"end":{"line":88,"column":null}},"14":{"start":{"line":90,"column":2},"end":{"line":92,"column":null}},"15":{"start":{"line":91,"column":4},"end":{"line":91,"column":null}},"16":{"start":{"line":94,"column":2},"end":{"line":103,"column":null}},"17":{"start":{"line":96,"column":6},"end":{"line":96,"column":null}},"18":{"start":{"line":98,"column":6},"end":{"line":98,"column":null}},"19":{"start":{"line":100,"column":6},"end":{"line":100,"column":null}},"20":{"start":{"line":102,"column":6},"end":{"line":102,"column":null}},"21":{"start":{"line":113,"column":2},"end":{"line":129,"column":null}},"22":{"start":{"line":117,"column":6},"end":{"line":117,"column":null}},"23":{"start":{"line":122,"column":6},"end":{"line":122,"column":null}},"24":{"start":{"line":125,"column":6},"end":{"line":125,"column":null}},"25":{"start":{"line":128,"column":6},"end":{"line":128,"column":null}}},"fnMap":{"0":{"name":"parseMusicLink","decl":{"start":{"line":19,"column":16},"end":{"line":19,"column":31}},"loc":{"start":{"line":19,"column":57},"end":{"line":57,"column":null}},"line":19},"1":{"name":"fetchNeteasePlaylist","decl":{"start":{"line":65,"column":22},"end":{"line":65,"column":43}},"loc":{"start":{"line":65,"column":86},"end":{"line":69,"column":null}},"line":65},"2":{"name":"fetchApplePlaylist","decl":{"start":{"line":77,"column":22},"end":{"line":77,"column":41}},"loc":{"start":{"line":77,"column":84},"end":{"line":80,"column":null}},"line":77},"3":{"name":"getPlaylistFromUrl","decl":{"start":{"line":87,"column":22},"end":{"line":87,"column":41}},"loc":{"start":{"line":87,"column":77},"end":{"line":104,"column":null}},"line":87},"4":{"name":"getEmbeddedPlayerUrl","decl":{"start":{"line":112,"column":16},"end":{"line":112,"column":37}},"loc":{"start":{"line":112,"column":90},"end":{"line":130,"column":null}},"line":112}},"branchMap":{"0":{"loc":{"start":{"line":21,"column":2},"end":{"line":26,"column":null}},"type":"if","locations":[{"start":{"line":21,"column":2},"end":{"line":26,"column":null}},{"start":{},"end":{}}],"line":21},"1":{"loc":{"start":{"line":21,"column":6},"end":{"line":21,"column":33}},"type":"binary-expr","locations":[{"start":{"line":21,"column":6},"end":{"line":21,"column":14}},{"start":{"line":21,"column":14},"end":{"line":21,"column":33}}],"line":21},"2":{"loc":{"start":{"line":31,"column":4},"end":{"line":37,"column":null}},"type":"if","locations":[{"start":{"line":31,"column":4},"end":{"line":37,"column":null}},{"start":{},"end":{}}],"line":31},"3":{"loc":{"start":{"line":31,"column":8},"end":{"line":31,"column":27}},"type":"binary-expr","locations":[{"start":{"line":31,"column":8},"end":{"line":31,"column":17}},{"start":{"line":31,"column":17},"end":{"line":31,"column":27}}],"line":31},"4":{"loc":{"start":{"line":43,"column":4},"end":{"line":49,"column":null}},"type":"if","locations":[{"start":{"line":43,"column":4},"end":{"line":49,"column":null}},{"start":{},"end":{}}],"line":43},"5":{"loc":{"start":{"line":43,"column":8},"end":{"line":43,"column":27}},"type":"binary-expr","locations":[{"start":{"line":43,"column":8},"end":{"line":43,"column":17}},{"start":{"line":43,"column":17},"end":{"line":43,"column":27}}],"line":43},"6":{"loc":{"start":{"line":90,"column":2},"end":{"line":92,"column":null}},"type":"if","locations":[{"start":{"line":90,"column":2},"end":{"line":92,"column":null}},{"start":{},"end":{}}],"line":90},"7":{"loc":{"start":{"line":90,"column":6},"end":{"line":90,"column":80}},"type":"binary-expr","locations":[{"start":{"line":90,"column":6},"end":{"line":90,"column":30}},{"start":{"line":90,"column":30},"end":{"line":90,"column":57}},{"start":{"line":90,"column":57},"end":{"line":90,"column":80}}],"line":90},"8":{"loc":{"start":{"line":91,"column":20},"end":{"line":91,"column":49}},"type":"binary-expr","locations":[{"start":{"line":91,"column":20},"end":{"line":91,"column":41}},{"start":{"line":91,"column":41},"end":{"line":91,"column":49}}],"line":91},"9":{"loc":{"start":{"line":94,"column":2},"end":{"line":103,"column":null}},"type":"switch","locations":[{"start":{"line":95,"column":4},"end":{"line":96,"column":null}},{"start":{"line":97,"column":4},"end":{"line":98,"column":null}},{"start":{"line":99,"column":4},"end":{"line":100,"column":null}},{"start":{"line":101,"column":4},"end":{"line":102,"column":null}}],"line":94},"10":{"loc":{"start":{"line":113,"column":2},"end":{"line":129,"column":null}},"type":"switch","locations":[{"start":{"line":114,"column":4},"end":{"line":117,"column":null}},{"start":{"line":119,"column":4},"end":{"line":122,"column":null}},{"start":{"line":124,"column":4},"end":{"line":125,"column":null}},{"start":{"line":127,"column":4},"end":{"line":128,"column":null}}],"line":113}},"s":{"0":15,"1":2,"2":13,"3":40,"4":40,"5":5,"6":8,"7":13,"8":13,"9":3,"10":5,"11":0,"12":0,"13":0,"14":0,"15":0,"16":0,"17":0,"18":0,"19":0,"20":0,"21":7,"22":3,"23":2,"24":1,"25":1},"f":{"0":15,"1":0,"2":0,"3":0,"4":7},"b":{"0":[2,13],"1":[15,14],"2":[5,35],"3":[40,5],"4":[3,10],"5":[13,3],"6":[0,0],"7":[0,0,0],"8":[0,0],"9":[0,0,0,0],"10":[3,2,1,1]},"meta":{"lastBranch":11,"lastFunction":5,"lastStatement":26,"seen":{"f:19:16:19:31":0,"b:21:2:26:Infinity:undefined:undefined:undefined:undefined":0,"s:21:2:26:Infinity":0,"b:21:6:21:14:21:14:21:33":1,"s:22:4:25:Infinity":1,"s:29:2:38:Infinity":2,"s:30:18:30:Infinity":3,"b:31:4:37:Infinity:undefined:undefined:undefined:undefined":2,"s:31:4:37:Infinity":4,"b:31:8:31:17:31:17:31:27":3,"s:32:6:36:Infinity":5,"s:41:2:50:Infinity":6,"s:42:18:42:Infinity":7,"b:43:4:49:Infinity:undefined:undefined:undefined:undefined":4,"s:43:4:49:Infinity":8,"b:43:8:43:17:43:17:43:27":5,"s:44:6:48:Infinity":9,"s:53:2:56:Infinity":10,"f:65:22:65:43":1,"s:68:2:68:Infinity":11,"f:77:22:77:41":2,"s:79:2:79:Infinity":12,"f:87:22:87:41":3,"s:88:22:88:Infinity":13,"b:90:2:92:Infinity:undefined:undefined:undefined:undefined":6,"s:90:2:92:Infinity":14,"b:90:6:90:30:90:30:90:57:90:57:90:80":7,"s:91:4:91:Infinity":15,"b:91:20:91:41:91:41:91:49":8,"b:95:4:96:Infinity:97:4:98:Infinity:99:4:100:Infinity:101:4:102:Infinity":9,"s:94:2:103:Infinity":16,"s:96:6:96:Infinity":17,"s:98:6:98:Infinity":18,"s:100:6:100:Infinity":19,"s:102:6:102:Infinity":20,"f:112:16:112:37":4,"b:114:4:117:Infinity:119:4:122:Infinity:124:4:125:Infinity:127:4:128:Infinity":10,"s:113:2:129:Infinity":21,"s:117:6:117:Infinity":22,"s:122:6:122:Infinity":23,"s:125:6:125:Infinity":24,"s:128:6:128:Infinity":25}}}
,"D:\\xiaoyuAnd\\Scent_V1.0\\XiaoyuAnd\\lib\\music\\types.ts": {"path":"D:\\xiaoyuAnd\\Scent_V1.0\\XiaoyuAnd\\lib\\music\\types.ts","statementMap":{"0":{"start":{"line":127,"column":50},"end":{"line":150,"column":null}},"1":{"start":{"line":165,"column":32},"end":{"line":170,"column":null}},"2":{"start":{"line":175,"column":30},"end":{"line":178,"column":null}}},"fnMap":{},"branchMap":{},"s":{"0":1,"1":1,"2":1},"f":{},"b":{},"meta":{"lastBranch":0,"lastFunction":0,"lastStatement":3,"seen":{"s:127:50:150:Infinity":0,"s:165:32:170:Infinity":1,"s:175:30:178:Infinity":2}}}
}
