{"D:\\xiaoyuAnd\\Scent_V1.0\\XiaoyuAnd\\lib\\analytics\\analyticsService.ts": {"path":"D:\\xiaoyuAnd\\Scent_V1.0\\XiaoyuAnd\\lib\\analytics\\analyticsService.ts","statementMap":{"0":{"start":{"line":12,"column":28},"end":{"line":12,"column":null}},"1":{"start":{"line":35,"column":2},"end":{"line":35,"column":null}},"2":{"start":{"line":38,"column":4},"end":{"line":38,"column":null}},"3":{"start":{"line":39,"column":4},"end":{"line":39,"column":null}},"4":{"start":{"line":40,"column":4},"end":{"line":40,"column":null}},"5":{"start":{"line":46,"column":4},"end":{"line":46,"column":null}},"6":{"start":{"line":50,"column":4},"end":{"line":50,"column":null}},"7":{"start":{"line":56,"column":17},"end":{"line":56,"column":null}},"8":{"start":{"line":58,"column":24},"end":{"line":64,"column":null}},"9":{"start":{"line":66,"column":28},"end":{"line":70,"column":null}},"10":{"start":{"line":72,"column":4},"end":{"line":74,"column":null}},"11":{"start":{"line":73,"column":6},"end":{"line":73,"column":null}},"12":{"start":{"line":76,"column":4},"end":{"line":76,"column":null}},"13":{"start":{"line":77,"column":4},"end":{"line":77,"column":null}},"14":{"start":{"line":79,"column":4},"end":{"line":79,"column":null}},"15":{"start":{"line":87,"column":23},"end":{"line":91,"column":null}},"16":{"start":{"line":93,"column":4},"end":{"line":93,"column":null}},"17":{"start":{"line":95,"column":4},"end":{"line":95,"column":null}},"18":{"start":{"line":99,"column":4},"end":{"line":99,"column":null}},"19":{"start":{"line":103,"column":4},"end":{"line":103,"column":null}},"20":{"start":{"line":104,"column":4},"end":{"line":108,"column":null}},"21":{"start":{"line":105,"column":6},"end":{"line":105,"column":null}},"22":{"start":{"line":107,"column":6},"end":{"line":107,"column":null}},"23":{"start":{"line":116,"column":4},"end":{"line":130,"column":null}},"24":{"start":{"line":117,"column":19},"end":{"line":117,"column":null}},"25":{"start":{"line":119,"column":26},"end":{"line":125,"column":null}},"26":{"start":{"line":127,"column":6},"end":{"line":127,"column":null}},"27":{"start":{"line":129,"column":6},"end":{"line":129,"column":null}},"28":{"start":{"line":136,"column":17},"end":{"line":136,"column":null}},"29":{"start":{"line":138,"column":23},"end":{"line":146,"column":null}},"30":{"start":{"line":148,"column":4},"end":{"line":148,"column":null}},"31":{"start":{"line":155,"column":4},"end":{"line":158,"column":null}},"32":{"start":{"line":166,"column":35},"end":{"line":166,"column":null}},"33":{"start":{"line":167,"column":4},"end":{"line":167,"column":null}},"34":{"start":{"line":171,"column":4},"end":{"line":179,"column":null}},"35":{"start":{"line":172,"column":21},"end":{"line":172,"column":null}},"36":{"start":{"line":173,"column":6},"end":{"line":176,"column":null}},"37":{"start":{"line":174,"column":23},"end":{"line":174,"column":null}},"38":{"start":{"line":175,"column":8},"end":{"line":175,"column":null}},"39":{"start":{"line":178,"column":6},"end":{"line":178,"column":null}},"40":{"start":{"line":183,"column":4},"end":{"line":187,"column":null}},"41":{"start":{"line":184,"column":6},"end":{"line":184,"column":null}},"42":{"start":{"line":186,"column":6},"end":{"line":186,"column":null}},"43":{"start":{"line":193,"column":2},"end":{"line":193,"column":null}}},"fnMap":{"0":{"name":"(anonymous_0)","decl":{"start":{"line":37,"column":2},"end":{"line":37,"column":14}},"loc":{"start":{"line":37,"column":46},"end":{"line":41,"column":null}},"line":37},"1":{"name":"(anonymous_1)","decl":{"start":{"line":45,"column":8},"end":{"line":45,"column":41}},"loc":{"start":{"line":45,"column":41},"end":{"line":47,"column":null}},"line":45},"2":{"name":"(anonymous_2)","decl":{"start":{"line":49,"column":2},"end":{"line":49,"column":32}},"loc":{"start":{"line":49,"column":32},"end":{"line":51,"column":null}},"line":49},"3":{"name":"(anonymous_3)","decl":{"start":{"line":55,"column":8},"end":{"line":55,"column":21}},"loc":{"start":{"line":55,"column":81},"end":{"line":80,"column":null}},"line":55},"4":{"name":"(anonymous_4)","decl":{"start":{"line":82,"column":8},"end":{"line":82,"column":null}},"loc":{"start":{"line":86,"column":19},"end":{"line":96,"column":null}},"line":86},"5":{"name":"(anonymous_5)","decl":{"start":{"line":98,"column":2},"end":{"line":98,"column":39}},"loc":{"start":{"line":98,"column":39},"end":{"line":100,"column":null}},"line":98},"6":{"name":"(anonymous_6)","decl":{"start":{"line":102,"column":2},"end":{"line":102,"column":23}},"loc":{"start":{"line":102,"column":23},"end":{"line":109,"column":null}},"line":102},"7":{"name":"(anonymous_7)","decl":{"start":{"line":113,"column":8},"end":{"line":113,"column":null}},"loc":{"start":{"line":115,"column":19},"end":{"line":131,"column":null}},"line":115},"8":{"name":"(anonymous_8)","decl":{"start":{"line":135,"column":8},"end":{"line":135,"column":19}},"loc":{"start":{"line":135,"column":91},"end":{"line":149,"column":null}},"line":135},"9":{"name":"(anonymous_9)","decl":{"start":{"line":151,"column":8},"end":{"line":151,"column":null}},"loc":{"start":{"line":154,"column":19},"end":{"line":159,"column":null}},"line":154},"10":{"name":"(anonymous_10)","decl":{"start":{"line":163,"column":10},"end":{"line":163,"column":null}},"loc":{"start":{"line":165,"column":25},"end":{"line":168,"column":null}},"line":165},"11":{"name":"(anonymous_11)","decl":{"start":{"line":170,"column":10},"end":{"line":170,"column":41}},"loc":{"start":{"line":170,"column":41},"end":{"line":180,"column":null}},"line":170},"12":{"name":"(anonymous_12)","decl":{"start":{"line":182,"column":10},"end":{"line":182,"column":31}},"loc":{"start":{"line":182,"column":56},"end":{"line":188,"column":null}},"line":182},"13":{"name":"createAnalyticsService","decl":{"start":{"line":192,"column":16},"end":{"line":192,"column":39}},"loc":{"start":{"line":192,"column":89},"end":{"line":194,"column":null}},"line":192}},"branchMap":{"0":{"loc":{"start":{"line":72,"column":4},"end":{"line":74,"column":null}},"type":"if","locations":[{"start":{"line":72,"column":4},"end":{"line":74,"column":null}},{"start":{},"end":{}}],"line":72},"1":{"loc":{"start":{"line":72,"column":8},"end":{"line":72,"column":24}},"type":"binary-expr","locations":[{"start":{"line":72,"column":8},"end":{"line":72,"column":17}},{"start":{"line":72,"column":17},"end":{"line":72,"column":24}}],"line":72},"2":{"loc":{"start":{"line":73,"column":50},"end":{"line":73,"column":83}},"type":"binary-expr","locations":[{"start":{"line":73,"column":50},"end":{"line":73,"column":68}},{"start":{"line":73,"column":68},"end":{"line":73,"column":83}}],"line":73},"3":{"loc":{"start":{"line":173,"column":6},"end":{"line":176,"column":null}},"type":"if","locations":[{"start":{"line":173,"column":6},"end":{"line":176,"column":null}},{"start":{},"end":{}}],"line":173}},"s":{"0":1,"1":19,"2":19,"3":19,"4":19,"5":25,"6":2,"7":6,"8":6,"9":6,"10":6,"11":1,"12":5,"13":5,"14":5,"15":1,"16":1,"17":1,"18":3,"19":2,"20":2,"21":2,"22":0,"23":5,"24":5,"25":5,"26":5,"27":1,"28":2,"29":2,"30":2,"31":1,"32":5,"33":5,"34":19,"35":19,"36":19,"37":0,"38":0,"39":0,"40":5,"41":5,"42":0,"43":0},"f":{"0":19,"1":25,"2":2,"3":6,"4":1,"5":3,"6":2,"7":5,"8":2,"9":1,"10":5,"11":19,"12":5,"13":0},"b":{"0":[1,5],"1":[6,5],"2":[1,0],"3":[0,19]},"meta":{"lastBranch":4,"lastFunction":14,"lastStatement":44,"seen":{"s:12:28:12:Infinity":0,"f:37:2:37:14":0,"s:35:2:35:Infinity":1,"s:38:4:38:Infinity":2,"s:39:4:39:Infinity":3,"s:40:4:40:Infinity":4,"f:45:8:45:41":1,"s:46:4:46:Infinity":5,"f:49:2:49:32":2,"s:50:4:50:Infinity":6,"f:55:8:55:21":3,"s:56:17:56:Infinity":7,"s:58:24:64:Infinity":8,"s:66:28:70:Infinity":9,"b:72:4:74:Infinity:undefined:undefined:undefined:undefined":0,"s:72:4:74:Infinity":10,"b:72:8:72:17:72:17:72:24":1,"s:73:6:73:Infinity":11,"b:73:50:73:68:73:68:73:83":2,"s:76:4:76:Infinity":12,"s:77:4:77:Infinity":13,"s:79:4:79:Infinity":14,"f:82:8:82:Infinity":4,"s:87:23:91:Infinity":15,"s:93:4:93:Infinity":16,"s:95:4:95:Infinity":17,"f:98:2:98:39":5,"s:99:4:99:Infinity":18,"f:102:2:102:23":6,"s:103:4:103:Infinity":19,"s:104:4:108:Infinity":20,"s:105:6:105:Infinity":21,"s:107:6:107:Infinity":22,"f:113:8:113:Infinity":7,"s:116:4:130:Infinity":23,"s:117:19:117:Infinity":24,"s:119:26:125:Infinity":25,"s:127:6:127:Infinity":26,"s:129:6:129:Infinity":27,"f:135:8:135:19":8,"s:136:17:136:Infinity":28,"s:138:23:146:Infinity":29,"s:148:4:148:Infinity":30,"f:151:8:151:Infinity":9,"s:155:4:158:Infinity":31,"f:163:10:163:Infinity":10,"s:166:35:166:Infinity":32,"s:167:4:167:Infinity":33,"f:170:10:170:41":11,"s:171:4:179:Infinity":34,"s:172:21:172:Infinity":35,"b:173:6:176:Infinity:undefined:undefined:undefined:undefined":3,"s:173:6:176:Infinity":36,"s:174:23:174:Infinity":37,"s:175:8:175:Infinity":38,"s:178:6:178:Infinity":39,"f:182:10:182:31":12,"s:183:4:187:Infinity":40,"s:184:6:184:Infinity":41,"s:186:6:186:Infinity":42,"f:192:16:192:39":13,"s:193:2:193:Infinity":43}}}
,"D:\\xiaoyuAnd\\Scent_V1.0\\XiaoyuAnd\\lib\\analytics\\supabaseClient.ts": {"path":"D:\\xiaoyuAnd\\Scent_V1.0\\XiaoyuAnd\\lib\\analytics\\supabaseClient.ts","statementMap":{"0":{"start":{"line":9,"column":2},"end":{"line":13,"column":null}},"1":{"start":{"line":20,"column":2},"end":{"line":22,"column":null}},"2":{"start":{"line":21,"column":4},"end":{"line":21,"column":null}},"3":{"start":{"line":25,"column":2},"end":{"line":29,"column":null}},"4":{"start":{"line":26,"column":4},"end":{"line":26,"column":null}},"5":{"start":{"line":28,"column":4},"end":{"line":28,"column":null}},"6":{"start":{"line":31,"column":2},"end":{"line":31,"column":null}},"7":{"start":{"line":38,"column":2},"end":{"line":40,"column":null}},"8":{"start":{"line":39,"column":4},"end":{"line":39,"column":null}},"9":{"start":{"line":42,"column":2},"end":{"line":47,"column":null}},"10":{"start":{"line":51,"column":37},"end":{"line":51,"column":null}},"11":{"start":{"line":57,"column":2},"end":{"line":59,"column":null}},"12":{"start":{"line":58,"column":4},"end":{"line":58,"column":null}},"13":{"start":{"line":61,"column":17},"end":{"line":61,"column":null}},"14":{"start":{"line":63,"column":2},"end":{"line":67,"column":null}},"15":{"start":{"line":64,"column":4},"end":{"line":66,"column":null}},"16":{"start":{"line":69,"column":2},"end":{"line":69,"column":null}},"17":{"start":{"line":70,"column":2},"end":{"line":70,"column":null}},"18":{"start":{"line":77,"column":2},"end":{"line":77,"column":null}}},"fnMap":{"0":{"name":"getSupabaseConfig","decl":{"start":{"line":8,"column":16},"end":{"line":8,"column":53}},"loc":{"start":{"line":8,"column":53},"end":{"line":14,"column":null}},"line":8},"1":{"name":"validateConfig","decl":{"start":{"line":19,"column":16},"end":{"line":19,"column":31}},"loc":{"start":{"line":19,"column":65},"end":{"line":32,"column":null}},"line":19},"2":{"name":"createSupabaseClient","decl":{"start":{"line":37,"column":16},"end":{"line":37,"column":37}},"loc":{"start":{"line":37,"column":83},"end":{"line":48,"column":null}},"line":37},"3":{"name":"getSupabaseClient","decl":{"start":{"line":56,"column":16},"end":{"line":56,"column":52}},"loc":{"start":{"line":56,"column":52},"end":{"line":71,"column":null}},"line":56},"4":{"name":"resetSupabaseClient","decl":{"start":{"line":76,"column":16},"end":{"line":76,"column":44}},"loc":{"start":{"line":76,"column":44},"end":{"line":78,"column":null}},"line":76}},"branchMap":{"0":{"loc":{"start":{"line":10,"column":17},"end":{"line":10,"column":null}},"type":"binary-expr","locations":[{"start":{"line":10,"column":17},"end":{"line":10,"column":54}},{"start":{"line":10,"column":54},"end":{"line":10,"column":null}}],"line":10},"1":{"loc":{"start":{"line":11,"column":21},"end":{"line":11,"column":null}},"type":"binary-expr","locations":[{"start":{"line":11,"column":21},"end":{"line":11,"column":63}},{"start":{"line":11,"column":63},"end":{"line":11,"column":null}}],"line":11},"2":{"loc":{"start":{"line":12,"column":24},"end":{"line":12,"column":null}},"type":"binary-expr","locations":[{"start":{"line":12,"column":24},"end":{"line":12,"column":47}},{"start":{"line":12,"column":47},"end":{"line":12,"column":null}}],"line":12},"3":{"loc":{"start":{"line":20,"column":2},"end":{"line":22,"column":null}},"type":"if","locations":[{"start":{"line":20,"column":2},"end":{"line":22,"column":null}},{"start":{},"end":{}}],"line":20},"4":{"loc":{"start":{"line":20,"column":6},"end":{"line":20,"column":54}},"type":"binary-expr","locations":[{"start":{"line":20,"column":6},"end":{"line":20,"column":29}},{"start":{"line":20,"column":29},"end":{"line":20,"column":54}}],"line":20},"5":{"loc":{"start":{"line":38,"column":2},"end":{"line":40,"column":null}},"type":"if","locations":[{"start":{"line":38,"column":2},"end":{"line":40,"column":null}},{"start":{},"end":{}}],"line":38},"6":{"loc":{"start":{"line":38,"column":6},"end":{"line":38,"column":24}},"type":"binary-expr","locations":[{"start":{"line":38,"column":6},"end":{"line":38,"column":14}},{"start":{"line":38,"column":14},"end":{"line":38,"column":24}}],"line":38},"7":{"loc":{"start":{"line":57,"column":2},"end":{"line":59,"column":null}},"type":"if","locations":[{"start":{"line":57,"column":2},"end":{"line":59,"column":null}},{"start":{},"end":{}}],"line":57},"8":{"loc":{"start":{"line":63,"column":2},"end":{"line":67,"column":null}},"type":"if","locations":[{"start":{"line":63,"column":2},"end":{"line":67,"column":null}},{"start":{},"end":{}}],"line":63}},"s":{"0":1,"1":6,"2":3,"3":3,"4":3,"5":2,"6":1,"7":3,"8":2,"9":1,"10":1,"11":1,"12":0,"13":1,"14":1,"15":1,"16":0,"17":0,"18":11},"f":{"0":1,"1":6,"2":3,"3":1,"4":11},"b":{"0":[1,1],"1":[1,1],"2":[1,0],"3":[3,3],"4":[6,4],"5":[2,1],"6":[3,2],"7":[0,1],"8":[1,0]},"meta":{"lastBranch":9,"lastFunction":5,"lastStatement":19,"seen":{"f:8:16:8:53":0,"s:9:2:13:Infinity":0,"b:10:17:10:54:10:54:10:Infinity":0,"b:11:21:11:63:11:63:11:Infinity":1,"b:12:24:12:47:12:47:12:Infinity":2,"f:19:16:19:31":1,"b:20:2:22:Infinity:undefined:undefined:undefined:undefined":3,"s:20:2:22:Infinity":1,"b:20:6:20:29:20:29:20:54":4,"s:21:4:21:Infinity":2,"s:25:2:29:Infinity":3,"s:26:4:26:Infinity":4,"s:28:4:28:Infinity":5,"s:31:2:31:Infinity":6,"f:37:16:37:37":2,"b:38:2:40:Infinity:undefined:undefined:undefined:undefined":5,"s:38:2:40:Infinity":7,"b:38:6:38:14:38:14:38:24":6,"s:39:4:39:Infinity":8,"s:42:2:47:Infinity":9,"s:51:37:51:Infinity":10,"f:56:16:56:52":3,"b:57:2:59:Infinity:undefined:undefined:undefined:undefined":7,"s:57:2:59:Infinity":11,"s:58:4:58:Infinity":12,"s:61:17:61:Infinity":13,"b:63:2:67:Infinity:undefined:undefined:undefined:undefined":8,"s:63:2:67:Infinity":14,"s:64:4:66:Infinity":15,"s:69:2:69:Infinity":16,"s:70:2:70:Infinity":17,"f:76:16:76:44":4,"s:77:2:77:Infinity":18}}}
,"D:\\xiaoyuAnd\\Scent_V1.0\\XiaoyuAnd\\lib\\analytics\\userService.ts": {"path":"D:\\xiaoyuAnd\\Scent_V1.0\\XiaoyuAnd\\lib\\analytics\\userService.ts","statementMap":{"0":{"start":{"line":3,"column":20},"end":{"line":3,"column":null}},"1":{"start":{"line":10,"column":2},"end":{"line":10,"column":null}},"2":{"start":{"line":14,"column":4},"end":{"line":14,"column":null}},"3":{"start":{"line":22,"column":4},"end":{"line":24,"column":null}},"4":{"start":{"line":23,"column":6},"end":{"line":23,"column":null}},"5":{"start":{"line":27,"column":21},"end":{"line":27,"column":null}},"6":{"start":{"line":28,"column":16},"end":{"line":28,"column":null}},"7":{"start":{"line":30,"column":26},"end":{"line":35,"column":null}},"8":{"start":{"line":37,"column":4},"end":{"line":37,"column":null}},"9":{"start":{"line":38,"column":4},"end":{"line":38,"column":null}},"10":{"start":{"line":40,"column":4},"end":{"line":40,"column":null}},"11":{"start":{"line":47,"column":4},"end":{"line":47,"column":null}},"12":{"start":{"line":54,"column":4},"end":{"line":56,"column":null}},"13":{"start":{"line":55,"column":6},"end":{"line":55,"column":null}},"14":{"start":{"line":58,"column":4},"end":{"line":61,"column":null}},"15":{"start":{"line":63,"column":4},"end":{"line":63,"column":null}},"16":{"start":{"line":70,"column":4},"end":{"line":70,"column":null}},"17":{"start":{"line":77,"column":4},"end":{"line":90,"column":null}},"18":{"start":{"line":78,"column":21},"end":{"line":78,"column":null}},"19":{"start":{"line":79,"column":6},"end":{"line":86,"column":null}},"20":{"start":{"line":80,"column":23},"end":{"line":80,"column":null}},"21":{"start":{"line":81,"column":8},"end":{"line":85,"column":null}},"22":{"start":{"line":88,"column":6},"end":{"line":88,"column":null}},"23":{"start":{"line":89,"column":6},"end":{"line":89,"column":null}},"24":{"start":{"line":97,"column":4},"end":{"line":101,"column":null}},"25":{"start":{"line":98,"column":6},"end":{"line":98,"column":null}},"26":{"start":{"line":100,"column":6},"end":{"line":100,"column":null}},"27":{"start":{"line":106,"column":27},"end":{"line":106,"column":null}}},"fnMap":{"0":{"name":"(anonymous_0)","decl":{"start":{"line":12,"column":2},"end":{"line":12,"column":16}},"loc":{"start":{"line":12,"column":16},"end":{"line":15,"column":null}},"line":12},"1":{"name":"(anonymous_1)","decl":{"start":{"line":21,"column":8},"end":{"line":21,"column":41}},"loc":{"start":{"line":21,"column":41},"end":{"line":41,"column":null}},"line":21},"2":{"name":"(anonymous_2)","decl":{"start":{"line":46,"column":2},"end":{"line":46,"column":32}},"loc":{"start":{"line":46,"column":32},"end":{"line":48,"column":null}},"line":46},"3":{"name":"(anonymous_3)","decl":{"start":{"line":53,"column":8},"end":{"line":53,"column":44}},"loc":{"start":{"line":53,"column":44},"end":{"line":64,"column":null}},"line":53},"4":{"name":"(anonymous_4)","decl":{"start":{"line":69,"column":2},"end":{"line":69,"column":29}},"loc":{"start":{"line":69,"column":29},"end":{"line":71,"column":null}},"line":69},"5":{"name":"(anonymous_5)","decl":{"start":{"line":76,"column":10},"end":{"line":76,"column":38}},"loc":{"start":{"line":76,"column":38},"end":{"line":91,"column":null}},"line":76},"6":{"name":"(anonymous_6)","decl":{"start":{"line":96,"column":10},"end":{"line":96,"column":28}},"loc":{"start":{"line":96,"column":46},"end":{"line":102,"column":null}},"line":96}},"branchMap":{"0":{"loc":{"start":{"line":22,"column":4},"end":{"line":24,"column":null}},"type":"if","locations":[{"start":{"line":22,"column":4},"end":{"line":24,"column":null}},{"start":{},"end":{}}],"line":22},"1":{"loc":{"start":{"line":54,"column":4},"end":{"line":56,"column":null}},"type":"if","locations":[{"start":{"line":54,"column":4},"end":{"line":56,"column":null}},{"start":{},"end":{}}],"line":54},"2":{"loc":{"start":{"line":79,"column":6},"end":{"line":86,"column":null}},"type":"if","locations":[{"start":{"line":79,"column":6},"end":{"line":86,"column":null}},{"start":{},"end":{}}],"line":79}},"s":{"0":2,"1":32,"2":32,"3":32,"4":10,"5":22,"6":22,"7":22,"8":22,"9":22,"10":22,"11":5,"12":2,"13":1,"14":1,"15":1,"16":25,"17":32,"18":32,"19":32,"20":1,"21":1,"22":0,"23":0,"24":23,"25":23,"26":0,"27":2},"f":{"0":32,"1":32,"2":5,"3":2,"4":25,"5":32,"6":23},"b":{"0":[10,22],"1":[1,1],"2":[1,31]},"meta":{"lastBranch":3,"lastFunction":7,"lastStatement":28,"seen":{"s:3:20:3:Infinity":0,"f:12:2:12:16":0,"s:10:2:10:Infinity":1,"s:14:4:14:Infinity":2,"f:21:8:21:41":1,"b:22:4:24:Infinity:undefined:undefined:undefined:undefined":0,"s:22:4:24:Infinity":3,"s:23:6:23:Infinity":4,"s:27:21:27:Infinity":5,"s:28:16:28:Infinity":6,"s:30:26:35:Infinity":7,"s:37:4:37:Infinity":8,"s:38:4:38:Infinity":9,"s:40:4:40:Infinity":10,"f:46:2:46:32":2,"s:47:4:47:Infinity":11,"f:53:8:53:44":3,"b:54:4:56:Infinity:undefined:undefined:undefined:undefined":1,"s:54:4:56:Infinity":12,"s:55:6:55:Infinity":13,"s:58:4:61:Infinity":14,"s:63:4:63:Infinity":15,"f:69:2:69:29":4,"s:70:4:70:Infinity":16,"f:76:10:76:38":5,"s:77:4:90:Infinity":17,"s:78:21:78:Infinity":18,"b:79:6:86:Infinity:undefined:undefined:undefined:undefined":2,"s:79:6:86:Infinity":19,"s:80:23:80:Infinity":20,"s:81:8:85:Infinity":21,"s:88:6:88:Infinity":22,"s:89:6:89:Infinity":23,"f:96:10:96:28":6,"s:97:4:101:Infinity":24,"s:98:6:98:Infinity":25,"s:100:6:100:Infinity":26,"s:106:27:106:Infinity":27}}}
}
